  Animation.c
  AnimationState.c
  AnimationStateData.c
  Atlas.c
  AtlasAttachmentLoader.c
  Attachment.c
  AttachmentLoader.c
  Bone.c
  BoneData.c
  BoundingBoxAttachment.c
  Event.c
  EventData.c
  extension.c
  IkConstraint.c
  IkConstraintData.c
  Json.c
  MeshAttachment.c
  PathAttachment.c
  PathConstraint.c
  PathConstraintData.c
  RegionAttachment.c
  Skeleton.c
  SkeletonBounds.c
  SkeletonData.c
  SkeletonJson.c
  Skin.c
  Slot.c
  SlotData.c
  TransformConstraint.c
  TransformConstraintData.c
  VertexAttachment.c
  AttachmentVertices.cpp
  Cocos2dAttachmentLoader.cpp
  SkeletonAnimation.cpp
  SkeletonBatch.cpp
  SkeletonRenderer.cpp
  spine-cocos2dx.cpp
c:\users\josh\desktop\projects\programming game engine\~\yr3\pge\cocos2d\cocos\base\ccutf8.h : warning C4819: The file contains a character that cannot be represented in the current code page (932). Save the file in Unicode format to prevent data loss (compiling source file ..\AttachmentVertices.cpp)
c:\users\josh\desktop\projects\programming game engine\~\yr3\pge\cocos2d\cocos\base\ccutf8.h : warning C4819: The file contains a character that cannot be represented in the current code page (932). Save the file in Unicode format to prevent data loss (compiling source file ..\SkeletonBatch.cpp)
c:\users\josh\desktop\projects\programming game engine\~\yr3\pge\cocos2d\cocos\base\ccutf8.h : warning C4819: The file contains a character that cannot be represented in the current code page (932). Save the file in Unicode format to prevent data loss (compiling source file ..\SkeletonRenderer.cpp)
c:\users\josh\desktop\projects\programming game engine\~\yr3\pge\cocos2d\cocos\base\ccutf8.h : warning C4819: The file contains a character that cannot be represented in the current code page (932). Save the file in Unicode format to prevent data loss (compiling source file ..\spine-cocos2dx.cpp)
c:\users\josh\desktop\projects\programming game engine\~\yr3\pge\cocos2d\cocos\base\ccutf8.h : warning C4819: The file contains a character that cannot be represented in the current code page (932). Save the file in Unicode format to prevent data loss (compiling source file ..\SkeletonAnimation.cpp)
c:\users\josh\desktop\projects\programming game engine\~\yr3\pge\cocos2d\cocos\base\ccutf8.h : warning C4819: The file contains a character that cannot be represented in the current code page (932). Save the file in Unicode format to prevent data loss (compiling source file ..\Cocos2dAttachmentLoader.cpp)
c:\users\josh\desktop\projects\programming game engine\~\yr3\pge\cocos2d\cocos\platform\ccsaxparser.h : warning C4819: The file contains a character that cannot be represented in the current code page (932). Save the file in Unicode format to prevent data loss (compiling source file ..\AttachmentVertices.cpp)
c:\users\josh\desktop\projects\programming game engine\~\yr3\pge\cocos2d\cocos\platform\ccsaxparser.h : warning C4819: The file contains a character that cannot be represented in the current code page (932). Save the file in Unicode format to prevent data loss (compiling source file ..\SkeletonBatch.cpp)
c:\users\josh\desktop\projects\programming game engine\~\yr3\pge\cocos2d\cocos\platform\ccsaxparser.h : warning C4819: The file contains a character that cannot be represented in the current code page (932). Save the file in Unicode format to prevent data loss (compiling source file ..\SkeletonRenderer.cpp)
c:\users\josh\desktop\projects\programming game engine\~\yr3\pge\cocos2d\cocos\platform\ccsaxparser.h : warning C4819: The file contains a character that cannot be represented in the current code page (932). Save the file in Unicode format to prevent data loss (compiling source file ..\spine-cocos2dx.cpp)
c:\users\josh\desktop\projects\programming game engine\~\yr3\pge\cocos2d\cocos\platform\ccsaxparser.h : warning C4819: The file contains a character that cannot be represented in the current code page (932). Save the file in Unicode format to prevent data loss (compiling source file ..\SkeletonAnimation.cpp)
c:\users\josh\desktop\projects\programming game engine\~\yr3\pge\cocos2d\cocos\platform\ccsaxparser.h : warning C4819: The file contains a character that cannot be represented in the current code page (932). Save the file in Unicode format to prevent data loss (compiling source file ..\Cocos2dAttachmentLoader.cpp)
  libSpine.vcxproj -> C:\Users\Josh\Desktop\Projects\Programming Game Engine\~\Yr3\pge\proj.win32\Debug.win32\libSpine.lib
